c:\users\alex_\documents\github\8695039-217cr-assignment\217cr -project-ivan alexandru\x64\debug\vc142.pdb
c:\users\alex_\documents\github\8695039-217cr-assignment\217cr -project-ivan alexandru\x64\debug\vc142.idb
c:\users\alex_\documents\github\8695039-217cr-assignment\217cr -project-ivan alexandru\x64\debug\spherecollider.obj
c:\users\alex_\documents\github\8695039-217cr-assignment\217cr -project-ivan alexandru\x64\debug\sphere.obj
c:\users\alex_\documents\github\8695039-217cr-assignment\217cr -project-ivan alexandru\x64\debug\rigidbody2d.obj
c:\users\alex_\documents\github\8695039-217cr-assignment\217cr -project-ivan alexandru\x64\debug\player.obj
c:\users\alex_\documents\github\8695039-217cr-assignment\217cr -project-ivan alexandru\x64\debug\particle.obj
c:\users\alex_\documents\github\8695039-217cr-assignment\217cr -project-ivan alexandru\x64\debug\main.obj
c:\users\alex_\documents\github\8695039-217cr-assignment\217cr -project-ivan alexandru\x64\debug\gameobject.obj
c:\users\alex_\documents\github\8695039-217cr-assignment\217cr -project-ivan alexandru\x64\debug\gameengine.obj
c:\users\alex_\documents\github\8695039-217cr-assignment\217cr -project-ivan alexandru\x64\debug\cube.obj
c:\users\alex_\documents\github\8695039-217cr-assignment\217cr -project-ivan alexandru\x64\debug\217cr -project-ivan alexandru.ilk
c:\users\alex_\documents\github\8695039-217cr-assignment\217cr -project-ivan alexandru\x64\debug\217cr -project-ivan alexandru.exe
c:\users\alex_\documents\github\8695039-217cr-assignment\217cr -project-ivan alexandru\x64\debug\217cr -project-ivan alexandru.pdb
c:\users\alex_\documents\github\8695039-217cr-assignment\217cr -project-ivan alexandru\x64\debug\217cr -p.90bfc412.tlog\cl.command.1.tlog
c:\users\alex_\documents\github\8695039-217cr-assignment\217cr -project-ivan alexandru\x64\debug\217cr -p.90bfc412.tlog\cl.read.1.tlog
c:\users\alex_\documents\github\8695039-217cr-assignment\217cr -project-ivan alexandru\x64\debug\217cr -p.90bfc412.tlog\cl.write.1.tlog
c:\users\alex_\documents\github\8695039-217cr-assignment\217cr -project-ivan alexandru\x64\debug\217cr -p.90bfc412.tlog\link.command.1.tlog
c:\users\alex_\documents\github\8695039-217cr-assignment\217cr -project-ivan alexandru\x64\debug\217cr -p.90bfc412.tlog\link.read.1.tlog
c:\users\alex_\documents\github\8695039-217cr-assignment\217cr -project-ivan alexandru\x64\debug\217cr -p.90bfc412.tlog\link.write.1.tlog
